<?xml version="1.0" encoding="UTF-8"?>
<!-- Generated by org.testng.reporters.JUnitReportReporter -->
<testsuite hostname="NSEHQSWQL002" failures="0" tests="1" name="TestCases.addToCartTC" time="6.012" errors="0" timestamp="2024-12-11T14:29:49 EET" skipped="0">
  <testcase classname="TestCases.addToCartTC" name="addToCartTC" time="6.012"/>
</testsuite> <!-- TestCases.addToCartTC -->
