<?xml version="1.0" encoding="UTF-8"?>
<!-- Generated by org.testng.reporters.JUnitReportReporter -->
<testsuite hostname="QC" failures="0" tests="3" name="TestCases.addToCartTC" time="43.346" errors="0" timestamp="2025-01-11T13:02:11 EET" skipped="0">
  <testcase classname="TestCases.addToCartTC" name="addToCartTC" time="11.495"/>
  <testcase classname="TestCases.addToCartTC" name="addToCartTC" time="14.240"/>
  <testcase classname="TestCases.addToCartTC" name="addToCartTC" time="17.611"/>
</testsuite> <!-- TestCases.addToCartTC -->
